TN:
SF:common/responseHandler.ts
FN:3,sendSuccess
FN:14,sendError
FNF:2
FNH:0
FNDA:0,sendSuccess
FNDA:0,sendError
DA:1,1
DA:2,1
DA:3,1
DA:4,0
DA:5,0
DA:6,0
DA:7,0
DA:8,0
DA:9,0
DA:10,0
DA:11,0
DA:12,0
DA:13,1
DA:14,1
DA:15,0
DA:16,0
DA:17,0
DA:18,0
DA:19,0
DA:20,0
DA:21,0
DA:22,0
DA:23,0
LF:23
LH:5
BRF:0
BRH:0
end_of_record
TN:
SF:src/controllers/auth.controller.ts
FN:6,register
FN:15,login
FNF:2
FNH:1
FNDA:0,register
FNDA:2,login
DA:1,1
DA:2,1
DA:3,1
DA:4,1
DA:5,1
DA:6,1
DA:7,0
DA:8,0
DA:9,0
DA:10,0
DA:11,0
DA:12,0
DA:13,0
DA:14,1
DA:15,1
DA:16,2
DA:17,2
DA:18,1
DA:19,1
DA:20,1
DA:21,1
DA:22,1
DA:23,2
LF:23
LH:16
BRDA:15,0,0,2
BRDA:15,1,0,2
BRDA:18,2,0,1
BRF:3
BRH:3
end_of_record
TN:
SF:src/models/user.model.ts
FNF:0
FNH:0
DA:1,1
DA:2,1
DA:3,1
DA:4,1
DA:5,1
DA:6,1
DA:7,1
DA:8,1
DA:9,1
DA:10,1
DA:11,1
DA:12,1
DA:13,1
DA:14,1
DA:15,1
LF:15
LH:15
BRF:0
BRH:0
end_of_record
TN:
SF:src/services/user.service.ts
FN:5,createUser
FN:11,authenticateUser
FNF:2
FNH:0
FNDA:0,createUser
FNDA:0,authenticateUser
DA:1,1
DA:2,1
DA:3,1
DA:4,1
DA:5,1
DA:6,0
DA:7,0
DA:8,0
DA:9,0
DA:10,1
DA:11,1
DA:12,0
DA:13,0
DA:14,0
DA:15,0
DA:16,0
DA:17,0
DA:18,0
DA:19,0
DA:20,0
DA:21,0
DA:22,0
DA:23,0
LF:23
LH:7
BRF:0
BRH:0
end_of_record
