{"/opt/homebrew/var/www/mystudio/car-garage/backend-node/company-service/src/app.ts": {"path":"/opt/homebrew/var/www/mystudio/car-garage/backend-node/company-service/src/app.ts","statementMap":{"0":{"start":{"line":1,"column":0},"end":{"line":1,"column":47}},"1":{"start":{"line":2,"column":0},"end":{"line":2,"column":30}},"2":{"start":{"line":3,"column":0},"end":{"line":3,"column":47}},"3":{"start":{"line":4,"column":0},"end":{"line":4,"column":54}},"4":{"start":{"line":7,"column":21},"end":{"line":23,"column":null}},"5":{"start":{"line":7,"column":54},"end":{"line":23,"column":null}},"6":{"start":{"line":8,"column":29},"end":{"line":8,"column":38}},"7":{"start":{"line":9,"column":4},"end":{"line":9,"column":36}},"8":{"start":{"line":10,"column":4},"end":{"line":20,"column":5}},"9":{"start":{"line":11,"column":8},"end":{"line":11,"column":37}},"10":{"start":{"line":12,"column":8},"end":{"line":12,"column":42}},"11":{"start":{"line":14,"column":8},"end":{"line":14,"column":32}},"12":{"start":{"line":15,"column":8},"end":{"line":15,"column":44}},"13":{"start":{"line":19,"column":8},"end":{"line":19,"column":null}},"14":{"start":{"line":22,"column":4},"end":{"line":22,"column":15}},"15":{"start":{"line":25,"column":0},"end":{"line":25,"column":28}}},"fnMap":{"0":{"name":"(anonymous_8)","decl":{"start":{"line":7,"column":21},"end":{"line":7,"column":52}},"loc":{"start":{"line":7,"column":54},"end":{"line":23,"column":null}}},"1":{"name":"(anonymous_9)","decl":{"start":{"line":7,"column":54},"end":{"line":7,"column":null}},"loc":{"start":{"line":7,"column":54},"end":{"line":23,"column":1}}}},"branchMap":{},"s":{"0":0,"1":0,"2":0,"3":0,"4":0,"5":0,"6":0,"7":0,"8":0,"9":0,"10":0,"11":0,"12":0,"13":0,"14":0,"15":0},"f":{"0":0,"1":0},"b":{}}
,"/opt/homebrew/var/www/mystudio/car-garage/backend-node/company-service/src/server.ts": {"path":"/opt/homebrew/var/www/mystudio/car-garage/backend-node/company-service/src/server.ts","statementMap":{"0":{"start":{"line":1,"column":0},"end":{"line":1,"column":33}},"1":{"start":{"line":2,"column":0},"end":{"line":2,"column":56}},"2":{"start":{"line":3,"column":0},"end":{"line":3,"column":53}},"3":{"start":{"line":5,"column":20},"end":{"line":36,"column":2}},"4":{"start":{"line":5,"column":31},"end":{"line":36,"column":2}},"5":{"start":{"line":6,"column":4},"end":{"line":35,"column":5}},"6":{"start":{"line":7,"column":20},"end":{"line":7,"column":40}},"7":{"start":{"line":8,"column":21},"end":{"line":8,"column":45}},"8":{"start":{"line":10,"column":23},"end":{"line":12,"column":10}},"9":{"start":{"line":11,"column":12},"end":{"line":11,"column":82}},"10":{"start":{"line":15,"column":8},"end":{"line":22,"column":11}},"11":{"start":{"line":15,"column":40},"end":{"line":22,"column":10}},"12":{"start":{"line":16,"column":12},"end":{"line":16,"column":61}},"13":{"start":{"line":17,"column":12},"end":{"line":21,"column":15}},"14":{"start":{"line":17,"column":36},"end":{"line":21,"column":14}},"15":{"start":{"line":18,"column":16},"end":{"line":18,"column":47}},"16":{"start":{"line":19,"column":16},"end":{"line":19,"column":59}},"17":{"start":{"line":20,"column":16},"end":{"line":20,"column":32}},"18":{"start":{"line":24,"column":8},"end":{"line":31,"column":11}},"19":{"start":{"line":24,"column":41},"end":{"line":31,"column":10}},"20":{"start":{"line":25,"column":12},"end":{"line":25,"column":62}},"21":{"start":{"line":26,"column":12},"end":{"line":30,"column":15}},"22":{"start":{"line":26,"column":36},"end":{"line":30,"column":14}},"23":{"start":{"line":27,"column":16},"end":{"line":27,"column":47}},"24":{"start":{"line":28,"column":16},"end":{"line":28,"column":59}},"25":{"start":{"line":29,"column":16},"end":{"line":29,"column":32}},"26":{"start":{"line":33,"column":8},"end":{"line":33,"column":55}},"27":{"start":{"line":34,"column":8},"end":{"line":34,"column":24}},"28":{"start":{"line":38,"column":0},"end":{"line":38,"column":14}}},"fnMap":{"0":{"name":"(anonymous_8)","decl":{"start":{"line":5,"column":20},"end":{"line":5,"column":29}},"loc":{"start":{"line":5,"column":31},"end":{"line":36,"column":2}}},"1":{"name":"(anonymous_9)","decl":{"start":{"line":5,"column":31},"end":{"line":5,"column":null}},"loc":{"start":{"line":5,"column":31},"end":{"line":36,"column":1}}},"2":{"name":"(anonymous_10)","decl":{"start":{"line":10,"column":40},"end":{"line":10,"column":43}},"loc":{"start":{"line":10,"column":45},"end":{"line":12,"column":9}}},"3":{"name":"(anonymous_11)","decl":{"start":{"line":15,"column":29},"end":{"line":15,"column":38}},"loc":{"start":{"line":15,"column":40},"end":{"line":22,"column":10}}},"4":{"name":"(anonymous_12)","decl":{"start":{"line":15,"column":40},"end":{"line":15,"column":null}},"loc":{"start":{"line":15,"column":40},"end":{"line":22,"column":9}}},"5":{"name":"(anonymous_13)","decl":{"start":{"line":17,"column":25},"end":{"line":17,"column":34}},"loc":{"start":{"line":17,"column":36},"end":{"line":21,"column":14}}},"6":{"name":"(anonymous_14)","decl":{"start":{"line":17,"column":36},"end":{"line":17,"column":null}},"loc":{"start":{"line":17,"column":36},"end":{"line":21,"column":13}}},"7":{"name":"(anonymous_15)","decl":{"start":{"line":24,"column":30},"end":{"line":24,"column":39}},"loc":{"start":{"line":24,"column":41},"end":{"line":31,"column":10}}},"8":{"name":"(anonymous_16)","decl":{"start":{"line":24,"column":41},"end":{"line":24,"column":null}},"loc":{"start":{"line":24,"column":41},"end":{"line":31,"column":9}}},"9":{"name":"(anonymous_17)","decl":{"start":{"line":26,"column":25},"end":{"line":26,"column":34}},"loc":{"start":{"line":26,"column":36},"end":{"line":30,"column":14}}},"10":{"name":"(anonymous_18)","decl":{"start":{"line":26,"column":36},"end":{"line":26,"column":null}},"loc":{"start":{"line":26,"column":36},"end":{"line":30,"column":13}}}},"branchMap":{"0":{"loc":{"start":{"line":8,"column":21},"end":{"line":8,"column":45}},"type":"binary-expr","locations":[{"start":{"line":8,"column":21},"end":{"line":8,"column":37}},{"start":{"line":8,"column":41},"end":{"line":8,"column":45}}]}},"s":{"0":0,"1":0,"2":0,"3":0,"4":0,"5":0,"6":0,"7":0,"8":0,"9":0,"10":0,"11":0,"12":0,"13":0,"14":0,"15":0,"16":0,"17":0,"18":0,"19":0,"20":0,"21":0,"22":0,"23":0,"24":0,"25":0,"26":0,"27":0,"28":0},"f":{"0":0,"1":0,"2":0,"3":0,"4":0,"5":0,"6":0,"7":0,"8":0,"9":0,"10":0},"b":{"0":[0,0]}}
,"/opt/homebrew/var/www/mystudio/car-garage/backend-node/company-service/src/common/DbCon.ts": {"path":"/opt/homebrew/var/www/mystudio/car-garage/backend-node/company-service/src/common/DbCon.ts","statementMap":{"0":{"start":{"line":1,"column":0},"end":{"line":1,"column":42}},"1":{"start":{"line":2,"column":0},"end":{"line":2,"column":45}},"2":{"start":{"line":7,"column":36},"end":{"line":21,"column":2}},"3":{"start":{"line":7,"column":60},"end":{"line":21,"column":2}},"4":{"start":{"line":8,"column":4},"end":{"line":19,"column":5}},"5":{"start":{"line":9,"column":8},"end":{"line":9,"column":53}},"6":{"start":{"line":10,"column":8},"end":{"line":15,"column":9}},"7":{"start":{"line":11,"column":12},"end":{"line":11,"column":48}},"8":{"start":{"line":12,"column":12},"end":{"line":12,"column":35}},"9":{"start":{"line":13,"column":12},"end":{"line":13,"column":29}},"10":{"start":{"line":14,"column":12},"end":{"line":14,"column":59}},"11":{"start":{"line":17,"column":8},"end":{"line":17,"column":69}},"12":{"start":{"line":18,"column":8},"end":{"line":18,"column":24}},"13":{"start":{"line":20,"column":4},"end":{"line":20,"column":14}},"14":{"start":{"line":7,"column":13},"end":{"line":7,"column":36}},"15":{"start":{"line":23,"column":21},"end":{"line":28,"column":1}},"16":{"start":{"line":24,"column":4},"end":{"line":26,"column":5}},"17":{"start":{"line":25,"column":8},"end":{"line":25,"column":97}},"18":{"start":{"line":27,"column":4},"end":{"line":27,"column":14}},"19":{"start":{"line":23,"column":13},"end":{"line":23,"column":21}},"20":{"start":{"line":30,"column":38},"end":{"line":35,"column":2}},"21":{"start":{"line":30,"column":64},"end":{"line":35,"column":2}},"22":{"start":{"line":31,"column":4},"end":{"line":34,"column":5}},"23":{"start":{"line":32,"column":8},"end":{"line":32,"column":29}},"24":{"start":{"line":33,"column":8},"end":{"line":33,"column":50}},"25":{"start":{"line":30,"column":13},"end":{"line":30,"column":38}}},"fnMap":{"0":{"name":"(anonymous_7)","decl":{"start":{"line":7,"column":36},"end":{"line":7,"column":58}},"loc":{"start":{"line":7,"column":60},"end":{"line":21,"column":2}}},"1":{"name":"(anonymous_8)","decl":{"start":{"line":7,"column":60},"end":{"line":7,"column":null}},"loc":{"start":{"line":7,"column":60},"end":{"line":21,"column":1}}},"2":{"name":"(anonymous_9)","decl":{"start":{"line":23,"column":21},"end":{"line":23,"column":28}},"loc":{"start":{"line":23,"column":30},"end":{"line":28,"column":1}}},"3":{"name":"(anonymous_10)","decl":{"start":{"line":30,"column":38},"end":{"line":30,"column":62}},"loc":{"start":{"line":30,"column":64},"end":{"line":35,"column":2}}},"4":{"name":"(anonymous_11)","decl":{"start":{"line":30,"column":64},"end":{"line":30,"column":null}},"loc":{"start":{"line":30,"column":64},"end":{"line":35,"column":1}}}},"branchMap":{"0":{"loc":{"start":{"line":10,"column":8},"end":{"line":15,"column":9}},"type":"if","locations":[{"start":{"line":10,"column":8},"end":{"line":15,"column":9}}]},"1":{"loc":{"start":{"line":24,"column":4},"end":{"line":26,"column":5}},"type":"if","locations":[{"start":{"line":24,"column":4},"end":{"line":26,"column":5}}]},"2":{"loc":{"start":{"line":31,"column":4},"end":{"line":34,"column":5}},"type":"if","locations":[{"start":{"line":31,"column":4},"end":{"line":34,"column":5}}]}},"s":{"0":1,"1":1,"2":1,"3":0,"4":0,"5":0,"6":0,"7":0,"8":0,"9":0,"10":0,"11":0,"12":0,"13":0,"14":1,"15":1,"16":0,"17":0,"18":0,"19":1,"20":1,"21":0,"22":0,"23":0,"24":0,"25":1},"f":{"0":0,"1":0,"2":0,"3":0,"4":0},"b":{"0":[0],"1":[0],"2":[0]}}
,"/opt/homebrew/var/www/mystudio/car-garage/backend-node/company-service/src/common/responseHandler.ts": {"path":"/opt/homebrew/var/www/mystudio/car-garage/backend-node/company-service/src/common/responseHandler.ts","statementMap":{"0":{"start":{"line":3,"column":27},"end":{"line":10,"column":1}},"1":{"start":{"line":4,"column":4},"end":{"line":9,"column":null}},"2":{"start":{"line":3,"column":13},"end":{"line":3,"column":27}},"3":{"start":{"line":12,"column":25},"end":{"line":19,"column":1}},"4":{"start":{"line":13,"column":4},"end":{"line":18,"column":null}},"5":{"start":{"line":12,"column":13},"end":{"line":12,"column":25}}},"fnMap":{"0":{"name":"(anonymous_0)","decl":{"start":{"line":3,"column":27},"end":{"line":3,"column":28}},"loc":{"start":{"line":3,"column":96},"end":{"line":10,"column":1}}},"1":{"name":"(anonymous_1)","decl":{"start":{"line":12,"column":25},"end":{"line":12,"column":26}},"loc":{"start":{"line":12,"column":95},"end":{"line":19,"column":1}}}},"branchMap":{"0":{"loc":{"start":{"line":3,"column":76},"end":{"line":3,"column":92}},"type":"default-arg","locations":[{"start":{"line":3,"column":90},"end":{"line":3,"column":92}}]},"1":{"loc":{"start":{"line":12,"column":74},"end":{"line":12,"column":91}},"type":"default-arg","locations":[{"start":{"line":12,"column":89},"end":{"line":12,"column":91}}]}},"s":{"0":0,"1":0,"2":0,"3":0,"4":0,"5":0},"f":{"0":0,"1":0},"b":{"0":[0],"1":[0]}}
,"/opt/homebrew/var/www/mystudio/car-garage/backend-node/company-service/src/config/config.ts": {"path":"/opt/homebrew/var/www/mystudio/car-garage/backend-node/company-service/src/config/config.ts","statementMap":{"0":{"start":{"line":1,"column":0},"end":{"line":1,"column":28}},"1":{"start":{"line":2,"column":0},"end":{"line":2,"column":16}},"2":{"start":{"line":4,"column":0},"end":{"line":6,"column":1}},"3":{"start":{"line":5,"column":4},"end":{"line":5,"column":67}},"4":{"start":{"line":7,"column":13},"end":{"line":7,"column":37}},"5":{"start":{"line":8,"column":13},"end":{"line":8,"column":49}},"6":{"start":{"line":9,"column":13},"end":{"line":9,"column":53}}},"fnMap":{},"branchMap":{"0":{"loc":{"start":{"line":4,"column":0},"end":{"line":6,"column":1}},"type":"if","locations":[{"start":{"line":4,"column":0},"end":{"line":6,"column":1}}]}},"s":{"0":1,"1":1,"2":1,"3":0,"4":1,"5":1,"6":1},"f":{},"b":{"0":[0]}}
,"/opt/homebrew/var/www/mystudio/car-garage/backend-node/company-service/src/controllers/company.controller.ts": {"path":"/opt/homebrew/var/www/mystudio/car-garage/backend-node/company-service/src/controllers/company.controller.ts","statementMap":{"0":{"start":{"line":2,"column":0},"end":{"line":2,"column":61}},"1":{"start":{"line":3,"column":0},"end":{"line":3,"column":67}},"2":{"start":{"line":4,"column":0},"end":{"line":4,"column":70}},"3":{"start":{"line":5,"column":0},"end":{"line":5,"column":58}},"4":{"start":{"line":18,"column":23},"end":{"line":18,"column":91}},"5":{"start":{"line":20,"column":31},"end":{"line":33,"column":null}},"6":{"start":{"line":20,"column":69},"end":{"line":33,"column":null}},"7":{"start":{"line":21,"column":4},"end":{"line":32,"column":5}},"8":{"start":{"line":22,"column":25},"end":{"line":22,"column":89}},"9":{"start":{"line":23,"column":27},"end":{"line":23,"column":81}},"10":{"start":{"line":24,"column":8},"end":{"line":26,"column":9}},"11":{"start":{"line":25,"column":12},"end":{"line":25,"column":87}},"12":{"start":{"line":27,"column":8},"end":{"line":27,"column":56}},"13":{"start":{"line":30,"column":8},"end":{"line":30,"column":69}},"14":{"start":{"line":20,"column":13},"end":{"line":20,"column":31}},"15":{"start":{"line":35,"column":29},"end":{"line":42,"column":null}},"16":{"start":{"line":35,"column":67},"end":{"line":42,"column":null}},"17":{"start":{"line":36,"column":4},"end":{"line":41,"column":5}},"18":{"start":{"line":37,"column":29},"end":{"line":37,"column":69}},"19":{"start":{"line":38,"column":8},"end":{"line":38,"column":73}},"20":{"start":{"line":40,"column":8},"end":{"line":40,"column":70}},"21":{"start":{"line":35,"column":13},"end":{"line":35,"column":29}},"22":{"start":{"line":44,"column":29},"end":{"line":51,"column":null}},"23":{"start":{"line":44,"column":67},"end":{"line":51,"column":null}},"24":{"start":{"line":45,"column":4},"end":{"line":50,"column":5}},"25":{"start":{"line":46,"column":24},"end":{"line":46,"column":90}},"26":{"start":{"line":47,"column":8},"end":{"line":47,"column":75}},"27":{"start":{"line":49,"column":8},"end":{"line":49,"column":71}},"28":{"start":{"line":44,"column":13},"end":{"line":44,"column":29}},"29":{"start":{"line":53,"column":33},"end":{"line":60,"column":null}},"30":{"start":{"line":53,"column":71},"end":{"line":60,"column":null}},"31":{"start":{"line":54,"column":4},"end":{"line":59,"column":5}},"32":{"start":{"line":55,"column":32},"end":{"line":55,"column":91}},"33":{"start":{"line":56,"column":8},"end":{"line":56,"column":89}},"34":{"start":{"line":58,"column":8},"end":{"line":58,"column":78}},"35":{"start":{"line":53,"column":13},"end":{"line":53,"column":33}},"36":{"start":{"line":62,"column":28},"end":{"line":73,"column":null}},"37":{"start":{"line":62,"column":66},"end":{"line":73,"column":null}},"38":{"start":{"line":63,"column":4},"end":{"line":72,"column":5}},"39":{"start":{"line":64,"column":29},"end":{"line":64,"column":68}},"40":{"start":{"line":65,"column":32},"end":{"line":65,"column":76}},"41":{"start":{"line":66,"column":27},"end":{"line":66,"column":59}},"42":{"start":{"line":67,"column":26},"end":{"line":67,"column":96}},"43":{"start":{"line":69,"column":8},"end":{"line":69,"column":58}},"44":{"start":{"line":71,"column":8},"end":{"line":71,"column":59}},"45":{"start":{"line":62,"column":13},"end":{"line":62,"column":28}}},"fnMap":{"0":{"name":"(anonymous_7)","decl":{"start":{"line":20,"column":31},"end":{"line":20,"column":38}},"loc":{"start":{"line":20,"column":69},"end":{"line":33,"column":null}}},"1":{"name":"(anonymous_8)","decl":{"start":{"line":20,"column":69},"end":{"line":20,"column":null}},"loc":{"start":{"line":20,"column":69},"end":{"line":33,"column":1}}},"2":{"name":"(anonymous_9)","decl":{"start":{"line":35,"column":29},"end":{"line":35,"column":36}},"loc":{"start":{"line":35,"column":67},"end":{"line":42,"column":null}}},"3":{"name":"(anonymous_10)","decl":{"start":{"line":35,"column":67},"end":{"line":35,"column":null}},"loc":{"start":{"line":35,"column":67},"end":{"line":42,"column":1}}},"4":{"name":"(anonymous_11)","decl":{"start":{"line":44,"column":29},"end":{"line":44,"column":36}},"loc":{"start":{"line":44,"column":67},"end":{"line":51,"column":null}}},"5":{"name":"(anonymous_12)","decl":{"start":{"line":44,"column":67},"end":{"line":44,"column":null}},"loc":{"start":{"line":44,"column":67},"end":{"line":51,"column":1}}},"6":{"name":"(anonymous_13)","decl":{"start":{"line":53,"column":33},"end":{"line":53,"column":40}},"loc":{"start":{"line":53,"column":71},"end":{"line":60,"column":null}}},"7":{"name":"(anonymous_14)","decl":{"start":{"line":53,"column":71},"end":{"line":53,"column":null}},"loc":{"start":{"line":53,"column":71},"end":{"line":60,"column":1}}},"8":{"name":"(anonymous_15)","decl":{"start":{"line":62,"column":28},"end":{"line":62,"column":35}},"loc":{"start":{"line":62,"column":66},"end":{"line":73,"column":null}}},"9":{"name":"(anonymous_16)","decl":{"start":{"line":62,"column":66},"end":{"line":62,"column":null}},"loc":{"start":{"line":62,"column":66},"end":{"line":73,"column":1}}}},"branchMap":{"0":{"loc":{"start":{"line":22,"column":67},"end":{"line":22,"column":87}},"type":"cond-expr","locations":[{"start":{"line":22,"column":82},"end":{"line":22,"column":86}},{"start":{"line":22,"column":86},"end":{"line":22,"column":87}}]},"1":{"loc":{"start":{"line":22,"column":67},"end":{"line":22,"column":86}},"type":"binary-expr","locations":[{"start":{"line":22,"column":67},"end":{"line":22,"column":86}},{"start":{"line":22,"column":82},"end":{"line":22,"column":86}}]},"2":{"loc":{"start":{"line":24,"column":8},"end":{"line":26,"column":9}},"type":"if","locations":[{"start":{"line":24,"column":8},"end":{"line":26,"column":9}}]},"3":{"loc":{"start":{"line":64,"column":29},"end":{"line":64,"column":68}},"type":"binary-expr","locations":[{"start":{"line":64,"column":29},"end":{"line":64,"column":63}},{"start":{"line":64,"column":67},"end":{"line":64,"column":68}}]},"4":{"loc":{"start":{"line":65,"column":32},"end":{"line":65,"column":76}},"type":"binary-expr","locations":[{"start":{"line":65,"column":32},"end":{"line":65,"column":70}},{"start":{"line":65,"column":74},"end":{"line":65,"column":76}}]},"5":{"loc":{"start":{"line":66,"column":27},"end":{"line":66,"column":59}},"type":"binary-expr","locations":[{"start":{"line":66,"column":27},"end":{"line":66,"column":53}},{"start":{"line":66,"column":57},"end":{"line":66,"column":59}}]}},"s":{"0":1,"1":1,"2":1,"3":1,"4":1,"5":1,"6":2,"7":2,"8":2,"9":2,"10":1,"11":1,"12":1,"13":1,"14":1,"15":1,"16":0,"17":0,"18":0,"19":0,"20":0,"21":1,"22":1,"23":0,"24":0,"25":0,"26":0,"27":0,"28":1,"29":1,"30":0,"31":0,"32":0,"33":0,"34":0,"35":1,"36":1,"37":0,"38":0,"39":0,"40":0,"41":0,"42":0,"43":0,"44":0,"45":1},"f":{"0":2,"1":2,"2":0,"3":0,"4":0,"5":0,"6":0,"7":0,"8":0,"9":0},"b":{"0":[0,2],"1":[2,2],"2":[1],"3":[0,0],"4":[0,0],"5":[0,0]}}
,"/opt/homebrew/var/www/mystudio/car-garage/backend-node/company-service/src/repositories/CompanyRepository.ts": {"path":"/opt/homebrew/var/www/mystudio/car-garage/backend-node/company-service/src/repositories/CompanyRepository.ts","statementMap":{"0":{"start":{"line":1,"column":0},"end":{"line":1,"column":39}},"1":{"start":{"line":2,"column":0},"end":{"line":2,"column":40}},"2":{"start":{"line":5,"column":12},"end":{"line":5,"column":42}},"3":{"start":{"line":8,"column":23},"end":{"line":8,"column":30}},"4":{"start":{"line":9,"column":8},"end":{"line":9,"column":51}},"5":{"start":{"line":13,"column":8},"end":{"line":13,"column":63}},"6":{"start":{"line":17,"column":8},"end":{"line":17,"column":53}},"7":{"start":{"line":21,"column":8},"end":{"line":21,"column":110}},"8":{"start":{"line":25,"column":8},"end":{"line":25,"column":72}},"9":{"start":{"line":28,"column":26},"end":{"line":28,"column":93}},"10":{"start":{"line":29,"column":31},"end":{"line":29,"column":69}},"11":{"start":{"line":31,"column":8},"end":{"line":31,"column":45}},"12":{"start":{"line":4,"column":0},"end":{"line":4,"column":13}}},"fnMap":{"0":{"name":"(anonymous_7)","decl":{"start":{"line":4,"column":0},"end":{"line":4,"column":13}},"loc":{"start":{"line":4,"column":0},"end":{"line":33,"column":1}}},"1":{"name":"(anonymous_8)","decl":{"start":{"line":7,"column":4},"end":{"line":7,"column":16}},"loc":{"start":{"line":7,"column":26},"end":{"line":10,"column":5}}},"2":{"name":"(anonymous_9)","decl":{"start":{"line":12,"column":10},"end":{"line":12,"column":21}},"loc":{"start":{"line":12,"column":35},"end":{"line":14,"column":null}}},"3":{"name":"(anonymous_11)","decl":{"start":{"line":16,"column":10},"end":{"line":16,"column":20}},"loc":{"start":{"line":16,"column":30},"end":{"line":18,"column":null}}},"4":{"name":"(anonymous_13)","decl":{"start":{"line":20,"column":10},"end":{"line":20,"column":20}},"loc":{"start":{"line":20,"column":42},"end":{"line":22,"column":null}}},"5":{"name":"(anonymous_15)","decl":{"start":{"line":24,"column":10},"end":{"line":24,"column":18}},"loc":{"start":{"line":24,"column":29},"end":{"line":26,"column":null}}},"6":{"name":"(anonymous_17)","decl":{"start":{"line":27,"column":10},"end":{"line":27,"column":24}},"loc":{"start":{"line":27,"column":64},"end":{"line":32,"column":null}}}},"branchMap":{},"s":{"0":1,"1":1,"2":1,"3":0,"4":0,"5":0,"6":0,"7":0,"8":0,"9":0,"10":0,"11":0,"12":1},"f":{"0":1,"1":0,"2":0,"3":0,"4":0,"5":0,"6":0},"b":{}}
,"/opt/homebrew/var/www/mystudio/car-garage/backend-node/company-service/src/routes/index.ts": {"path":"/opt/homebrew/var/www/mystudio/car-garage/backend-node/company-service/src/routes/index.ts","statementMap":{"0":{"start":{"line":1,"column":0},"end":{"line":1,"column":33}},"1":{"start":{"line":2,"column":0},"end":{"line":2,"column":131}},"2":{"start":{"line":4,"column":15},"end":{"line":4,"column":23}},"3":{"start":{"line":6,"column":0},"end":{"line":8,"column":3}},"4":{"start":{"line":7,"column":4},"end":{"line":7,"column":39}},"5":{"start":{"line":9,"column":0},"end":{"line":9,"column":null}},"6":{"start":{"line":10,"column":0},"end":{"line":10,"column":46}},"7":{"start":{"line":11,"column":0},"end":{"line":11,"column":42}},"8":{"start":{"line":12,"column":0},"end":{"line":12,"column":42}},"9":{"start":{"line":13,"column":0},"end":{"line":13,"column":46}},"10":{"start":{"line":17,"column":0},"end":{"line":17,"column":22}}},"fnMap":{"0":{"name":"(anonymous_0)","decl":{"start":{"line":6,"column":20},"end":{"line":6,"column":23}},"loc":{"start":{"line":6,"column":25},"end":{"line":8,"column":1}}}},"branchMap":{},"s":{"0":0,"1":0,"2":0,"3":0,"4":0,"5":0,"6":0,"7":0,"8":0,"9":0,"10":0},"f":{"0":0},"b":{}}
,"/opt/homebrew/var/www/mystudio/car-garage/backend-node/company-service/src/services/company.service.ts": {"path":"/opt/homebrew/var/www/mystudio/car-garage/backend-node/company-service/src/services/company.service.ts","statementMap":{"0":{"start":{"line":2,"column":0},"end":{"line":2,"column":72}},"1":{"start":{"line":9,"column":8},"end":{"line":9,"column":37}},"2":{"start":{"line":10,"column":8},"end":{"line":10,"column":41}},"3":{"start":{"line":14,"column":8},"end":{"line":33,"column":9}},"4":{"start":{"line":15,"column":12},"end":{"line":17,"column":13}},"5":{"start":{"line":16,"column":16},"end":{"line":16,"column":null}},"6":{"start":{"line":19,"column":30},"end":{"line":19,"column":58}},"7":{"start":{"line":21,"column":28},"end":{"line":21,"column":73}},"8":{"start":{"line":22,"column":12},"end":{"line":30,"column":13}},"9":{"start":{"line":23,"column":33},"end":{"line":23,"column":86}},"10":{"start":{"line":24,"column":35},"end":{"line":24,"column":80}},"11":{"start":{"line":25,"column":16},"end":{"line":25,"column":40}},"12":{"start":{"line":26,"column":16},"end":{"line":26,"column":34}},"13":{"start":{"line":28,"column":39},"end":{"line":28,"column":141}},"14":{"start":{"line":29,"column":16},"end":{"line":29,"column":38}},"15":{"start":{"line":32,"column":12},"end":{"line":32,"column":null}},"16":{"start":{"line":37,"column":8},"end":{"line":45,"column":9}},"17":{"start":{"line":38,"column":28},"end":{"line":38,"column":67}},"18":{"start":{"line":39,"column":12},"end":{"line":42,"column":13}},"19":{"start":{"line":40,"column":38},"end":{"line":40,"column":139}},"20":{"start":{"line":41,"column":16},"end":{"line":41,"column":37}},"21":{"start":{"line":44,"column":12},"end":{"line":44,"column":null}},"22":{"start":{"line":50,"column":8},"end":{"line":71,"column":9}},"23":{"start":{"line":52,"column":12},"end":{"line":54,"column":13}},"24":{"start":{"line":53,"column":16},"end":{"line":53,"column":52}},"25":{"start":{"line":56,"column":35},"end":{"line":56,"column":77}},"26":{"start":{"line":57,"column":12},"end":{"line":59,"column":13}},"27":{"start":{"line":58,"column":16},"end":{"line":58,"column":76}},"28":{"start":{"line":61,"column":38},"end":{"line":61,"column":107}},"29":{"start":{"line":63,"column":12},"end":{"line":65,"column":13}},"30":{"start":{"line":64,"column":16},"end":{"line":64,"column":71}},"31":{"start":{"line":66,"column":12},"end":{"line":66,"column":37}},"32":{"start":{"line":69,"column":12},"end":{"line":69,"column":75}},"33":{"start":{"line":70,"column":12},"end":{"line":70,"column":77}},"34":{"start":{"line":74,"column":8},"end":{"line":82,"column":9}},"35":{"start":{"line":75,"column":12},"end":{"line":77,"column":13}},"36":{"start":{"line":76,"column":16},"end":{"line":76,"column":52}},"37":{"start":{"line":78,"column":36},"end":{"line":78,"column":70}},"38":{"start":{"line":79,"column":12},"end":{"line":79,"column":35}},"39":{"start":{"line":81,"column":12},"end":{"line":81,"column":79}},"40":{"start":{"line":86,"column":8},"end":{"line":112,"column":9}},"41":{"start":{"line":87,"column":25},"end":{"line":87,"column":45}},"42":{"start":{"line":89,"column":31},"end":{"line":89,"column":33}},"43":{"start":{"line":91,"column":12},"end":{"line":99,"column":13}},"44":{"start":{"line":92,"column":16},"end":{"line":98,"column":null}},"45":{"start":{"line":100,"column":30},"end":{"line":100,"column":88}},"46":{"start":{"line":101,"column":31},"end":{"line":101,"column":76}},"47":{"start":{"line":102,"column":12},"end":{"line":109,"column":null}},"48":{"start":{"line":111,"column":12},"end":{"line":111,"column":null}},"49":{"start":{"line":4,"column":0},"end":{"line":4,"column":13}}},"fnMap":{"0":{"name":"(anonymous_7)","decl":{"start":{"line":8,"column":4},"end":{"line":8,"column":16}},"loc":{"start":{"line":8,"column":99},"end":{"line":11,"column":5}}},"1":{"name":"(anonymous_8)","decl":{"start":{"line":13,"column":10},"end":{"line":13,"column":30}},"loc":{"start":{"line":13,"column":40},"end":{"line":34,"column":null}}},"2":{"name":"(anonymous_10)","decl":{"start":{"line":36,"column":10},"end":{"line":36,"column":19}},"loc":{"start":{"line":36,"column":29},"end":{"line":46,"column":null}}},"3":{"name":"(anonymous_12)","decl":{"start":{"line":48,"column":10},"end":{"line":48,"column":30}},"loc":{"start":{"line":48,"column":57},"end":{"line":72,"column":null}}},"4":{"name":"(anonymous_14)","decl":{"start":{"line":73,"column":10},"end":{"line":73,"column":33}},"loc":{"start":{"line":73,"column":44},"end":{"line":83,"column":null}}},"5":{"name":"(anonymous_16)","decl":{"start":{"line":85,"column":10},"end":{"line":85,"column":32}},"loc":{"start":{"line":85,"column":82},"end":{"line":113,"column":null}}}},"branchMap":{"0":{"loc":{"start":{"line":8,"column":47},"end":{"line":8,"column":99}},"type":"default-arg","locations":[{"start":{"line":8,"column":76},"end":{"line":8,"column":99}}]},"1":{"loc":{"start":{"line":15,"column":12},"end":{"line":17,"column":13}},"type":"if","locations":[{"start":{"line":15,"column":12},"end":{"line":17,"column":13}}]},"2":{"loc":{"start":{"line":22,"column":12},"end":{"line":30,"column":13}},"type":"if","locations":[{"start":{"line":22,"column":12},"end":{"line":30,"column":13}},{"start":{"line":27,"column":19},"end":{"line":30,"column":13}}]},"3":{"loc":{"start":{"line":39,"column":12},"end":{"line":42,"column":13}},"type":"if","locations":[{"start":{"line":39,"column":12},"end":{"line":42,"column":13}}]},"4":{"loc":{"start":{"line":39,"column":16},"end":{"line":39,"column":52}},"type":"binary-expr","locations":[{"start":{"line":39,"column":16},"end":{"line":39,"column":23}},{"start":{"line":39,"column":28},"end":{"line":39,"column":51}}]},"5":{"loc":{"start":{"line":52,"column":12},"end":{"line":54,"column":13}},"type":"if","locations":[{"start":{"line":52,"column":12},"end":{"line":54,"column":13}}]},"6":{"loc":{"start":{"line":57,"column":12},"end":{"line":59,"column":13}},"type":"if","locations":[{"start":{"line":57,"column":12},"end":{"line":59,"column":13}}]},"7":{"loc":{"start":{"line":57,"column":16},"end":{"line":57,"column":62}},"type":"binary-expr","locations":[{"start":{"line":57,"column":16},"end":{"line":57,"column":31}},{"start":{"line":57,"column":35},"end":{"line":57,"column":62}}]},"8":{"loc":{"start":{"line":63,"column":12},"end":{"line":65,"column":13}},"type":"if","locations":[{"start":{"line":63,"column":12},"end":{"line":65,"column":13}}]},"9":{"loc":{"start":{"line":70,"column":28},"end":{"line":70,"column":75}},"type":"binary-expr","locations":[{"start":{"line":70,"column":28},"end":{"line":70,"column":41}},{"start":{"line":70,"column":45},"end":{"line":70,"column":75}}]},"10":{"loc":{"start":{"line":75,"column":12},"end":{"line":77,"column":13}},"type":"if","locations":[{"start":{"line":75,"column":12},"end":{"line":77,"column":13}}]},"11":{"loc":{"start":{"line":91,"column":12},"end":{"line":99,"column":13}},"type":"if","locations":[{"start":{"line":91,"column":12},"end":{"line":99,"column":13}}]}},"s":{"0":1,"1":0,"2":0,"3":0,"4":0,"5":0,"6":0,"7":0,"8":0,"9":0,"10":0,"11":0,"12":0,"13":0,"14":0,"15":0,"16":0,"17":0,"18":0,"19":0,"20":0,"21":0,"22":0,"23":0,"24":0,"25":0,"26":0,"27":0,"28":0,"29":0,"30":0,"31":0,"32":0,"33":0,"34":0,"35":0,"36":0,"37":0,"38":0,"39":0,"40":0,"41":0,"42":0,"43":0,"44":0,"45":0,"46":0,"47":0,"48":0,"49":1},"f":{"0":0,"1":0,"2":0,"3":0,"4":0,"5":0},"b":{"0":[0],"1":[0],"2":[0,0],"3":[0],"4":[0,0],"5":[0],"6":[0],"7":[0,0],"8":[0],"9":[0,0],"10":[0],"11":[0]}}
,"/opt/homebrew/var/www/mystudio/car-garage/backend-node/company-service/src/utlis/OTPGenerator.ts": {"path":"/opt/homebrew/var/www/mystudio/car-garage/backend-node/company-service/src/utlis/OTPGenerator.ts","statementMap":{"0":{"start":{"line":7,"column":8},"end":{"line":7,"column":68}},"1":{"start":{"line":5,"column":0},"end":{"line":5,"column":13}}},"fnMap":{"0":{"name":"(anonymous_0)","decl":{"start":{"line":6,"column":4},"end":{"line":6,"column":12}},"loc":{"start":{"line":6,"column":12},"end":{"line":8,"column":5}}}},"branchMap":{},"s":{"0":0,"1":2},"f":{"0":0},"b":{}}
}
